The SAS System



______________________________________________________________________________________________________________________________________________________

                                                                Placebo               Xanomeline Low Dose   Xanomeline High Dose
                                                                     (N=86)                (N=84)               (N=84)          
________________________________________________________________________________________________________________________________
                                                                                                                                
Sex n(%)                        n[a]                                86 (100.0%)           84 (100.0%)           84 (100.0%)     
                                F                                   53  (61.6%)           50  (59.5%)           40  (47.6%)     
                                M                                   33  (38.4%)           34  (40.5%)           44  (52.4%)     
                                                                                                                                
Age (years)                     n[a]                                86                    84                    84              
                                Mean                              75.2                  75.7                  74.4              
                                SD                                 8.6                   8.3                   7.9              
                                Median                            76.0                  77.5                  76.0              
                                Q1, Q3                            69.0,   82.0          71.0,   82.0          70.5,   80.0      
                                Min, Max                            52,     89            51,     88            56,     88      
                                                                                                                                
Age categories n(%)             n[a]                                86 (100.0%)           84 (100.0%)           84 (100.0%)     
                                <65                                 14  (16.3%)            8   (9.5%)           11  (13.1%)     
                                65-80                               42  (48.8%)           47  (56.0%)           55  (65.5%)     
                                >80                                 30  (34.9%)           29  (34.5%)           18  (21.4%)     
                                                                                                                                
Race n(%)                       n[a]                                86 (100.0%)           84 (100.0%)           84 (100.0%)     
                                White                               78  (90.7%)           78  (92.9%)           74  (88.1%)     
                                Black or African American            8   (9.3%)            6   (7.1%)            9  (10.7%)     
                                American Indian or Alaska Nati       0                     0                     1   (1.2%)     
                                                                                                                                
Ethnicity n(%)                  n[a]                                86 (100.0%)           84 (100.0%)           84 (100.0%)     
                                Not Hispanic or Latino              83  (96.5%)           78  (92.9%)           81  (96.4%)     
                                Hispanic or Latino                   3   (3.5%)            6   (7.1%)            3   (3.6%)     
Weight (kg)                     n[a]                                86                    83                    84              
                                Mean                              62.8                  67.3                  70.0              
                                SD                                12.8                  14.1                  14.7              
                                Median                            60.6                  64.9                  69.2              
                                Q1, Q3                            53.5,   74.4          55.8,   77.8          56.8,   80.3      
                                Min, Max                            34,     86            45,    106            42,    108      
                                                                                                                                
 
 
______________________________________________________________________________________________________________________________________________________
n[a] - number of subject with non-missing data, used as denominator
